10:54:47 **** Incremental Build of configuration Debug for project lab5 ****
make all 
Building file: ../blink.c
Invoking: AVR Compiler
avr-gcc -Wall -g2 -gstabs -O0 -fpack-struct -fshort-enums -ffunction-sections -fdata-sections -std=gnu99 -funsigned-char -funsigned-bitfields -mmcu=atmega328p -DF_CPU=16000000UL -MMD -MP -MF"blink.d" -MT"blink.d" -c -o "blink.o" "../blink.c"
Finished building: ../blink.c
 
Building target: lab5.elf
Invoking: AVR C Linker
avr-gcc -Wl,-Map,lab5.map -mmcu=atmega328p -o "lab5.elf"  ./blink.o ./milli_counter.o   
Finished building target: lab5.elf
 
Invoking: AVR Create Extended Listing
avr-objdump -h -S lab5.elf  >"lab5.lss"
Finished building: lab5.lss
 
Create Flash image (ihex format)
avr-objcopy -R .eeprom -R .fuse -R .lock -R .signature -O ihex lab5.elf  "lab5.hex"
Finished building: lab5.hex
 
Invoking: Print Size
avr-size --format=avr --mcu=atmega328p lab5.elf
AVR Memory Usage
----------------
Device: atmega328p

Program:    2186 bytes (6.7% Full)
(.text + .data + .bootloader)

Data:         28 bytes (1.4% Full)
(.data + .bss + .noinit)


Finished building: sizedummy
 
