09:01:38 **** Incremental Build of configuration Debug for project uart ****
make all 
Building file: ../src/uart.c
Invoking: AVR Compiler
avr-gcc -Wall -g2 -gstabs -O0 -fpack-struct -fshort-enums -ffunction-sections -fdata-sections -std=gnu99 -funsigned-char -funsigned-bitfields -mmcu=atmega328p -DF_CPU=16000000UL -MMD -MP -MF"src/uart.d" -MT"src/uart.d" -c -o "src/uart.o" "../src/uart.c"
../src/uart.c: In function ‘uart_send_data’:
../src/uart.c:34:8: warning: the address of ‘uart_ready’ will always evaluate as ‘true’
Finished building: ../src/uart.c
 
Building target: uart.elf
Invoking: AVR C++ Linker
avr-g++ -Wl,-Map,uart.map,--cref -mrelax -Wl,--gc-sections -mmcu=atmega328p -o "uart.elf"  ./src/uart.o   
Finished building target: uart.elf
 
Invoking: AVR Create Extended Listing
avr-objdump -h -S uart.elf  >"uart.lss"
Finished building: uart.lss
 
Create Flash image (ihex format)
avr-objcopy -R .eeprom -R .fuse -R .lock -R .signature -O ihex uart.elf  "uart.hex"
Finished building: uart.hex
 
Invoking: Print Size
avr-size --format=avr --mcu=atmega328p uart.elf
AVR Memory Usage
----------------
Device: atmega328p

Program:     336 bytes (1.0% Full)
(.text + .data + .bootloader)

Data:          1 bytes (0.0% Full)
(.data + .bss + .noinit)


Finished building: sizedummy
 

09:01:38 Build Finished (took 110ms)

